<?xml version="1.0" encoding="UTF-8"?>
<testsuite name="com.currencyconvert.CurrencyConvertApplicationTests" tests="1" skipped="0" failures="0" errors="0" timestamp="2021-03-30T12:58:58" hostname="LAPTOP-IONOIBNJ" time="0.431">
  <properties/>
  <testcase name="contextLoads()" classname="com.currencyconvert.CurrencyConvertApplicationTests" time="0.431"/>
  <system-out><![CDATA[14:58:54.232 [Test worker] DEBUG org.springframework.test.context.BootstrapUtils - Instantiating CacheAwareContextLoaderDelegate from class [org.springframework.test.context.cache.DefaultCacheAwareContextLoaderDelegate]
14:58:54.248 [Test worker] DEBUG org.springframework.test.context.BootstrapUtils - Instantiating BootstrapContext using constructor [public org.springframework.test.context.support.DefaultBootstrapContext(java.lang.Class,org.springframework.test.context.CacheAwareContextLoaderDelegate)]
14:58:54.288 [Test worker] DEBUG org.springframework.test.context.BootstrapUtils - Instantiating TestContextBootstrapper for test class [com.currencyconvert.CurrencyConvertApplicationTests] from class [org.springframework.boot.test.context.SpringBootTestContextBootstrapper]
14:58:54.302 [Test worker] INFO org.springframework.boot.test.context.SpringBootTestContextBootstrapper - Neither @ContextConfiguration nor @ContextHierarchy found for test class [com.currencyconvert.CurrencyConvertApplicationTests], using SpringBootContextLoader
14:58:54.307 [Test worker] DEBUG org.springframework.test.context.support.AbstractContextLoader - Did not detect default resource location for test class [com.currencyconvert.CurrencyConvertApplicationTests]: class path resource [com/currencyconvert/CurrencyConvertApplicationTests-context.xml] does not exist
14:58:54.308 [Test worker] DEBUG org.springframework.test.context.support.AbstractContextLoader - Did not detect default resource location for test class [com.currencyconvert.CurrencyConvertApplicationTests]: class path resource [com/currencyconvert/CurrencyConvertApplicationTestsContext.groovy] does not exist
14:58:54.308 [Test worker] INFO org.springframework.test.context.support.AbstractContextLoader - Could not detect default resource locations for test class [com.currencyconvert.CurrencyConvertApplicationTests]: no resource found for suffixes {-context.xml, Context.groovy}.
14:58:54.309 [Test worker] INFO org.springframework.test.context.support.AnnotationConfigContextLoaderUtils - Could not detect default configuration classes for test class [com.currencyconvert.CurrencyConvertApplicationTests]: CurrencyConvertApplicationTests does not declare any static, non-private, non-final, nested classes annotated with @Configuration.
14:58:54.369 [Test worker] DEBUG org.springframework.test.context.support.ActiveProfilesUtils - Could not find an 'annotation declaring class' for annotation type [org.springframework.test.context.ActiveProfiles] and class [com.currencyconvert.CurrencyConvertApplicationTests]
14:58:54.442 [Test worker] DEBUG org.springframework.context.annotation.ClassPathScanningCandidateComponentProvider - Identified candidate component class: file [C:\Development\Projects\currency-convert\build\classes\java\main\com\currencyconvert\CurrencyConvertApplication.class]
14:58:54.443 [Test worker] INFO org.springframework.boot.test.context.SpringBootTestContextBootstrapper - Found @SpringBootConfiguration com.currencyconvert.CurrencyConvertApplication for test class com.currencyconvert.CurrencyConvertApplicationTests
14:58:54.561 [Test worker] DEBUG org.springframework.boot.test.context.SpringBootTestContextBootstrapper - @TestExecutionListeners is not present for class [com.currencyconvert.CurrencyConvertApplicationTests]: using defaults.
14:58:54.562 [Test worker] INFO org.springframework.boot.test.context.SpringBootTestContextBootstrapper - Loaded default TestExecutionListener class names from location [META-INF/spring.factories]: [org.springframework.boot.test.autoconfigure.restdocs.RestDocsTestExecutionListener, org.springframework.boot.test.autoconfigure.web.client.MockRestServiceServerResetTestExecutionListener, org.springframework.boot.test.autoconfigure.web.servlet.MockMvcPrintOnlyOnFailureTestExecutionListener, org.springframework.boot.test.autoconfigure.web.servlet.WebDriverTestExecutionListener, org.springframework.boot.test.autoconfigure.webservices.client.MockWebServiceServerTestExecutionListener, org.springframework.boot.test.mock.mockito.MockitoTestExecutionListener, org.springframework.boot.test.mock.mockito.ResetMocksTestExecutionListener, org.springframework.test.context.web.ServletTestExecutionListener, org.springframework.test.context.support.DirtiesContextBeforeModesTestExecutionListener, org.springframework.test.context.event.ApplicationEventsTestExecutionListener, org.springframework.test.context.support.DependencyInjectionTestExecutionListener, org.springframework.test.context.support.DirtiesContextTestExecutionListener, org.springframework.test.context.transaction.TransactionalTestExecutionListener, org.springframework.test.context.jdbc.SqlScriptsTestExecutionListener, org.springframework.test.context.event.EventPublishingTestExecutionListener]
14:58:54.582 [Test worker] DEBUG org.springframework.boot.test.context.SpringBootTestContextBootstrapper - Skipping candidate TestExecutionListener [org.springframework.test.context.transaction.TransactionalTestExecutionListener] due to a missing dependency. Specify custom listener classes or make the default listener classes and their required dependencies available. Offending class: [org/springframework/transaction/interceptor/TransactionAttributeSource]
14:58:54.583 [Test worker] DEBUG org.springframework.boot.test.context.SpringBootTestContextBootstrapper - Skipping candidate TestExecutionListener [org.springframework.test.context.jdbc.SqlScriptsTestExecutionListener] due to a missing dependency. Specify custom listener classes or make the default listener classes and their required dependencies available. Offending class: [org/springframework/transaction/interceptor/TransactionAttribute]
14:58:54.584 [Test worker] INFO org.springframework.boot.test.context.SpringBootTestContextBootstrapper - Using TestExecutionListeners: [org.springframework.test.context.web.ServletTestExecutionListener@13c108f4, org.springframework.test.context.support.DirtiesContextBeforeModesTestExecutionListener@d12873e, org.springframework.test.context.event.ApplicationEventsTestExecutionListener@56e28fc3, org.springframework.boot.test.mock.mockito.MockitoTestExecutionListener@1cb6fc36, org.springframework.boot.test.autoconfigure.SpringBootDependencyInjectionTestExecutionListener@7abd1fc, org.springframework.test.context.support.DirtiesContextTestExecutionListener@1e199d40, org.springframework.test.context.event.EventPublishingTestExecutionListener@5cc795d7, org.springframework.boot.test.autoconfigure.restdocs.RestDocsTestExecutionListener@773b8535, org.springframework.boot.test.autoconfigure.web.client.MockRestServiceServerResetTestExecutionListener@2ec68e1f, org.springframework.boot.test.autoconfigure.web.servlet.MockMvcPrintOnlyOnFailureTestExecutionListener@7ce7e51a, org.springframework.boot.test.autoconfigure.web.servlet.WebDriverTestExecutionListener@1ceebe7c, org.springframework.boot.test.autoconfigure.webservices.client.MockWebServiceServerTestExecutionListener@37d792f9, org.springframework.boot.test.mock.mockito.ResetMocksTestExecutionListener@2d7b446a]
14:58:54.588 [Test worker] DEBUG org.springframework.test.context.support.AbstractDirtiesContextTestExecutionListener - Before test class: context [DefaultTestContext@47e4d672 testClass = CurrencyConvertApplicationTests, testInstance = [null], testMethod = [null], testException = [null], mergedContextConfiguration = [WebMergedContextConfiguration@13821497 testClass = CurrencyConvertApplicationTests, locations = '{}', classes = '{class com.currencyconvert.CurrencyConvertApplication}', contextInitializerClasses = '[]', activeProfiles = '{}', propertySourceLocations = '{}', propertySourceProperties = '{org.springframework.boot.test.context.SpringBootTestContextBootstrapper=true}', contextCustomizers = set[org.springframework.boot.test.autoconfigure.actuate.metrics.MetricsExportContextCustomizerFactory$DisableMetricExportContextCustomizer@66cbaa24, org.springframework.boot.test.autoconfigure.properties.PropertyMappingContextCustomizer@0, org.springframework.boot.test.autoconfigure.web.servlet.WebDriverContextCustomizerFactory$Customizer@2fd09830, org.springframework.boot.test.context.filter.ExcludeFilterContextCustomizer@658b376b, org.springframework.boot.test.json.DuplicateJsonObjectContextCustomizerFactory$DuplicateJsonObjectContextCustomizer@6645b30e, org.springframework.boot.test.mock.mockito.MockitoContextCustomizer@0, org.springframework.boot.test.web.client.TestRestTemplateContextCustomizer@57d1ee67, org.springframework.boot.test.context.SpringBootTestArgs@1, org.springframework.boot.test.context.SpringBootTestWebEnvironment@7dd41d25], resourceBasePath = 'src/main/webapp', contextLoader = 'org.springframework.boot.test.context.SpringBootContextLoader', parent = [null]], attributes = map['org.springframework.test.context.web.ServletTestExecutionListener.activateListener' -> true]], class annotated with @DirtiesContext [false] with mode [null].
14:58:54.635 [Test worker] DEBUG org.springframework.test.context.support.TestPropertySourceUtils - Adding inlined properties to environment: {spring.jmx.enabled=false, org.springframework.boot.test.context.SpringBootTestContextBootstrapper=true}

  .   ____          _            __ _ _
 /\\ / ___'_ __ _ _(_)_ __  __ _ \ \ \ \
( ( )\___ | '_ | '_| | '_ \/ _` | \ \ \ \
 \\/  ___)| |_)| | | | | || (_| |  ) ) ) )
  '  |____| .__|_| |_|_| |_\__, | / / / /
 =========|_|==============|___/=/_/_/_/
 :: Spring Boot ::                (v2.4.4)

2021-03-30 14:58:54.943  INFO 13148 --- [    Test worker] c.c.CurrencyConvertApplicationTests      : Starting CurrencyConvertApplicationTests using Java 11.0.8 on LAPTOP-IONOIBNJ with PID 13148 (started by HP in C:\Development\Projects\currency-convert)
2021-03-30 14:58:54.947  INFO 13148 --- [    Test worker] c.c.CurrencyConvertApplicationTests      : No active profile set, falling back to default profiles: default
2021-03-30 14:58:57.043  INFO 13148 --- [    Test worker] pertySourcedRequestMappingHandlerMapping : Mapped URL path [/v2/api-docs] onto method [springfox.documentation.swagger2.web.Swagger2Controller#getDocumentation(String, HttpServletRequest)]
2021-03-30 14:58:57.398  INFO 13148 --- [    Test worker] o.s.s.concurrent.ThreadPoolTaskExecutor  : Initializing ExecutorService 'applicationTaskExecutor'
2021-03-30 14:58:57.738  INFO 13148 --- [    Test worker] d.s.w.p.DocumentationPluginsBootstrapper : Context refreshed
2021-03-30 14:58:57.768  INFO 13148 --- [    Test worker] d.s.w.p.DocumentationPluginsBootstrapper : Found 1 custom documentation plugin(s)
2021-03-30 14:58:57.802  INFO 13148 --- [    Test worker] s.d.s.w.s.ApiListingReferenceScanner     : Scanning for api listing references
2021-03-30 14:58:58.000  INFO 13148 --- [    Test worker] c.c.CurrencyConvertApplicationTests      : Started CurrencyConvertApplicationTests in 3.357 seconds (JVM running for 4.96)
]]></system-out>
  <system-err><![CDATA[]]></system-err>
</testsuite>
